RXSDK/RXSDK-Android/rxsdk_gdt/build/intermediates/manifest_merge_blame_file/release/manifest-merger-blame-release-report.txt
1<?xml version="1.0" encoding="utf-8"?>
2<manifest xmlns:android="http://schemas.android.com/apk/res/android"
3    package="com.ruixue.sdk.gdt" > <!-- 文件读取权限 -->
4    <uses-sdk android:minSdkVersion="21" />
4-->src/main/AndroidManifest.xml
5
6    <uses-permission android:name="android.permission.INTERNET" /> <!-- 允许联网 -->
6-->src/main/AndroidManifest.xml:5:5-67
6-->src/main/AndroidManifest.xml:5:22-64
7    <uses-permission android:name="android.permission.ACCESS_NETWORK_STATE" /> <!-- 检测联网方式，区分设备当前网络是2G、3G、4G还是WiFi -->
7-->src/main/AndroidManifest.xml:6:5-78
7-->src/main/AndroidManifest.xml:6:22-76
8    <uses-permission android:name="android.permission.READ_PHONE_STATE" /> <!-- 获取设备标识，标识用户 -->
8-->src/main/AndroidManifest.xml:7:5-74
8-->src/main/AndroidManifest.xml:7:22-72
9    <uses-permission android:name="android.permission.WRITE_EXTERNAL_STORAGE" />
9-->src/main/AndroidManifest.xml:8:5-80
9-->src/main/AndroidManifest.xml:8:22-78
10
11</manifest>